[WARNING]: No inventory was parsed, only implicit localhost is available
[WARNING]: provided hosts list is empty, only localhost is available. Note that
the implicit localhost does not match 'all'

PLAY [Deploy IBM Sterling B2B Integrator on Red Hat Openshift] *****************

TASK [Load configuration of installation] **************************************
Monday 19 May 2025  19:03:47 -0400 (0:00:00.017)       0:00:00.017 ************ 

TASK [load_config : Load config from yaml files in config directory] ***********
Monday 19 May 2025  19:03:47 -0400 (0:00:00.043)       0:00:00.061 ************ 
ok: [localhost]

TASK [Check prerequisites of installation] *************************************
Monday 19 May 2025  19:03:47 -0400 (0:00:00.024)       0:00:00.086 ************ 

TASK [check_prereqs : Check global variables] **********************************
Monday 19 May 2025  19:03:47 -0400 (0:00:00.048)       0:00:00.134 ************ 
included: /mnt/c/Users/Knick/Documents/Projects/sterling-ansible-clean-tests/roles/check_prereqs/tasks/check_globals.yml for localhost

TASK [check_prereqs : Check registry key exists] *******************************
Monday 19 May 2025  19:03:47 -0400 (0:00:00.020)       0:00:00.154 ************ 
ok: [localhost] => {
    "changed": false,
    "msg": "All assertions passed"
}

TASK [check_prereqs : Lookup Storage classes] **********************************
Monday 19 May 2025  19:03:47 -0400 (0:00:00.013)       0:00:00.167 ************ 
ok: [localhost]

TASK [check_prereqs : Create List of Storages] *********************************
Monday 19 May 2025  19:03:55 -0400 (0:00:07.386)       0:00:07.554 ************ 
ok: [localhost]

TASK [check_prereqs : Check that provided storage classes are on the cluster] ***
Monday 19 May 2025  19:03:55 -0400 (0:00:00.018)       0:00:07.572 ************ 
ok: [localhost] => {
    "changed": false,
    "msg": "All assertions passed"
}

TASK [Create output directories for reuse and debugging] ***********************
Monday 19 May 2025  19:03:55 -0400 (0:00:00.014)       0:00:07.586 ************ 

TASK [create_output_directories : Check for required environment variables] ****
Monday 19 May 2025  19:03:55 -0400 (0:00:00.057)       0:00:07.644 ************ 
included: /mnt/c/Users/Knick/Documents/Projects/sterling-ansible-clean-tests/roles/create_output_directories/tasks/01_create_output_directories.yml for localhost

TASK [create_output_directories : Create root output directory if it does not exist] ***
Monday 19 May 2025  19:03:55 -0400 (0:00:00.019)       0:00:07.663 ************ 
ok: [localhost]

TASK [create_output_directories : Create global output directory if it does not exist] ***
Monday 19 May 2025  19:03:55 -0400 (0:00:00.156)       0:00:07.819 ************ 
ok: [localhost]

TASK [Deploy IBM Catalog Source] ***********************************************
Monday 19 May 2025  19:03:55 -0400 (0:00:00.104)       0:00:07.924 ************ 

TASK [ibm_catalog_source_deploy : Check for required environment variables] ****
Monday 19 May 2025  19:03:55 -0400 (0:00:00.065)       0:00:07.989 ************ 
included: /mnt/c/Users/Knick/Documents/Projects/sterling-ansible-clean-tests/roles/ibm_catalog_source_deploy/tasks/01_check_vars.yml for localhost

TASK [ibm_catalog_source_deploy : Check for required environment variables] ****
Monday 19 May 2025  19:03:55 -0400 (0:00:00.018)       0:00:08.007 ************ 
ok: [localhost] => {
    "changed": false,
    "msg": "All assertions passed"
}

TASK [ibm_catalog_source_deploy : Install IBM Operator Catalog Source] *********
Monday 19 May 2025  19:03:55 -0400 (0:00:00.011)       0:00:08.019 ************ 
included: /mnt/c/Users/Knick/Documents/Projects/sterling-ansible-clean-tests/roles/ibm_catalog_source_deploy/tasks/02_install_catalog_source.yml for localhost

TASK [ibm_catalog_source_deploy : Template the CatalogSource for reuse] ********
Monday 19 May 2025  19:03:55 -0400 (0:00:00.019)       0:00:08.038 ************ 
ok: [localhost]

TASK [ibm_catalog_source_deploy : Install Catalog Source for IBM operators] ****
Monday 19 May 2025  19:03:56 -0400 (0:00:00.269)       0:00:08.307 ************ 
ok: [localhost]

TASK [ibm_catalog_source_deploy : Wait 30 seconds for IBM Catalog Source pod to appear] ***
Monday 19 May 2025  19:03:57 -0400 (0:00:00.966)       0:00:09.273 ************ 
Pausing for 30 seconds
ok: [localhost]

TASK [ibm_catalog_source_deploy : Wait for IBM Operator Catalog to be Ready] ***
Monday 19 May 2025  19:04:27 -0400 (0:00:30.042)       0:00:39.316 ************ 
ok: [localhost]

TASK [Deploy Sterling Data Exchange B2Bi] **************************************
Monday 19 May 2025  19:04:27 -0400 (0:00:00.686)       0:00:40.003 ************ 
skipping: [localhost]

PLAY RECAP *********************************************************************
localhost                  : ok=16   changed=0    unreachable=0    failed=0    skipped=1    rescued=0    ignored=0   

Monday 19 May 2025  19:04:27 -0400 (0:00:00.013)       0:00:40.016 ************ 
=============================================================================== 
ibm_catalog_source_deploy : Wait 30 seconds for IBM Catalog Source pod to appear -- 30.04s
check_prereqs : Lookup Storage classes ---------------------------------- 7.39s
ibm_catalog_source_deploy : Install Catalog Source for IBM operators ---- 0.97s
ibm_catalog_source_deploy : Wait for IBM Operator Catalog to be Ready --- 0.69s
ibm_catalog_source_deploy : Template the CatalogSource for reuse -------- 0.27s
create_output_directories : Create root output directory if it does not exist --- 0.16s
create_output_directories : Create global output directory if it does not exist --- 0.10s
Deploy IBM Catalog Source ----------------------------------------------- 0.07s
Create output directories for reuse and debugging ----------------------- 0.06s
Check prerequisites of installation ------------------------------------- 0.05s
Load configuration of installation -------------------------------------- 0.04s
load_config : Load config from yaml files in config directory ----------- 0.02s
check_prereqs : Check global variables ---------------------------------- 0.02s
create_output_directories : Check for required environment variables ---- 0.02s
ibm_catalog_source_deploy : Install IBM Operator Catalog Source --------- 0.02s
ibm_catalog_source_deploy : Check for required environment variables ---- 0.02s
check_prereqs : Create List of Storages --------------------------------- 0.02s
check_prereqs : Check that provided storage classes are on the cluster --- 0.01s
Deploy Sterling Data Exchange B2Bi -------------------------------------- 0.01s
check_prereqs : Check registry key exists ------------------------------- 0.01s
